<?xml version="1.0" encoding="UTF-8"?>
<!-- Generated by org.testng.reporters.JUnitReportReporter -->
<testsuite skipped="0" hostname="DESKTOP-946UO6R" name="com.zert.java.testng.tutorial.MathsOperationTest" tests="2" failures="0" timestamp="2022-02-04T07:29:04 AEST" time="51.588" errors="0">
  <testcase name="add_double_test" time="47.238" classname="com.zert.java.testng.tutorial.MathsOperationTest"/>
  <system-out/>
  <testcase name="add_integer_test" time="4.350" classname="com.zert.java.testng.tutorial.MathsOperationTest"/>
  <system-out/>
</testsuite> <!-- com.zert.java.testng.tutorial.MathsOperationTest -->
