<?xml version="1.0" encoding="UTF-8"?>
<!-- Generated by org.testng.reporters.JUnitReportReporter -->
<testsuite hostname="LAPTOP-D48PB34H" failures="0" tests="1" name="com.zert.java.tutorial.FormTestCase" time="1.639" errors="0" timestamp="2022-02-12T07:29:00 AEST" skipped="0">
  <testcase classname="com.zert.java.tutorial.FormTestCase" name="checkBox" time="1.639"/>
  <system-out/>
</testsuite> <!-- com.zert.java.tutorial.FormTestCase -->
