<?xml version="1.0" encoding="UTF-8"?>
<!-- Generated by org.testng.reporters.JUnitReportReporter -->
<testsuite hostname="LAPTOP-D48PB34H" failures="0" tests="1" name="com.zert.java.tutorial.MathOperationTest" time="0.006" errors="0" timestamp="2022-02-10T12:52:09 AEST" skipped="0">
  <testcase classname="com.zert.java.tutorial.MathOperationTest" name="add_test" time="0.006"/>
  <system-out/>
</testsuite> <!-- com.zert.java.tutorial.MathOperationTest -->
