<?xml version="1.0" encoding="UTF-8"?>
<!-- Generated by org.testng.reporters.JUnitReportReporter -->
<testsuite hostname="LAPTOP-D48PB34H" failures="0" tests="1" name="com.zert.java.tutorial.FileUploadTest" time="12.231" errors="0" timestamp="2022-02-12T09:19:09 AEST" skipped="0">
  <testcase classname="com.zert.java.tutorial.FileUploadTest" name="fileUpload_Test" time="12.231"/>
  <system-out/>
</testsuite> <!-- com.zert.java.tutorial.FileUploadTest -->
