<?xml version="1.0" encoding="UTF-8"?>
<!-- Generated by org.testng.reporters.JUnitReportReporter -->
<testsuite hostname="LAPTOP-D48PB34H" failures="0" tests="1" name="com.zert.java.tutorial.AnimalTest" time="0.010" errors="0" timestamp="2022-02-10T21:35:07 AEST" skipped="0">
  <testcase classname="com.zert.java.tutorial.AnimalTest" name="eatsTest" time="0.010"/>
  <system-out/>
</testsuite> <!-- com.zert.java.tutorial.AnimalTest -->
