<?xml version="1.0" encoding="UTF-8"?>
<!-- Generated by org.testng.reporters.JUnitReportReporter -->
<testsuite hostname="LAPTOP-D48PB34H" failures="0" tests="1" name="com.zert.java.tutorial.SampleTest1" time="0.977" errors="0" timestamp="2022-02-12T06:35:39 AEST" skipped="0">
  <testcase classname="com.zert.java.tutorial.SampleTest1" name="TestElements" time="0.977"/>
  <system-out/>
</testsuite> <!-- com.zert.java.tutorial.SampleTest1 -->
