<?xml version="1.0" encoding="UTF-8"?>
<!-- Generated by org.testng.reporters.JUnitReportReporter -->
<testsuite hostname="LAPTOP-D48PB34H" failures="0" tests="1" name="com.zert.java.tutorial.SampleTest" time="0.047" errors="0" timestamp="2022-02-10T21:27:25 AEST" skipped="0">
  <testcase classname="com.zert.java.tutorial.SampleTest" name="VerifyHomePageTitle" time="0.047"/>
  <system-out/>
</testsuite> <!-- com.zert.java.tutorial.SampleTest -->
