<?xml version="1.0" encoding="UTF-8"?>
<!-- Generated by org.testng.reporters.JUnitReportReporter -->
<testsuite hostname="LAPTOP-D48PB34H" failures="0" tests="3" name="com.zert.java.tutorial.MathOperationTest" time="0.017" errors="0" timestamp="2022-02-10T14:56:13 AEST" skipped="0">
  <testcase classname="com.zert.java.tutorial.MathOperationTest" name="sub_test" time="0.001"/>
  <system-out/>
  <testcase classname="com.zert.java.tutorial.MathOperationTest" name="areaOfCircle_test" time="0.015"/>
  <system-out/>
  <testcase classname="com.zert.java.tutorial.MathOperationTest" name="multiply_test" time="0.001"/>
  <system-out/>
</testsuite> <!-- com.zert.java.tutorial.MathOperationTest -->
